[debug] [2025-02-16T18:32:31.365Z] ----------------------------------------------------------------------
[debug] [2025-02-16T18:32:31.372Z] Command:       /usr/local/bin/node /usr/local/bin/firebase init
[debug] [2025-02-16T18:32:31.372Z] CLI Version:   13.31.1
[debug] [2025-02-16T18:32:31.372Z] Platform:      darwin
[debug] [2025-02-16T18:32:31.372Z] Node Version:  v22.12.0
[debug] [2025-02-16T18:32:31.373Z] Time:          Mon Feb 17 2025 00:02:31 GMT+0530 (India Standard Time)
[debug] [2025-02-16T18:32:31.373Z] ----------------------------------------------------------------------
[debug] 
[debug] [2025-02-16T18:32:31.506Z] > command requires scopes: ["email","openid","https://www.googleapis.com/auth/cloudplatformprojects.readonly","https://www.googleapis.com/auth/firebase","https://www.googleapis.com/auth/cloud-platform"]
[debug] [2025-02-16T18:32:31.507Z] > authorizing via signed-in user (niscivous@gmail.com)
[info] 
     ######## #### ########  ######## ########     ###     ######  ########
     ##        ##  ##     ## ##       ##     ##  ##   ##  ##       ##
     ######    ##  ########  ######   ########  #########  ######  ######
     ##        ##  ##    ##  ##       ##     ## ##     ##       ## ##
     ##       #### ##     ## ######## ########  ##     ##  ######  ########

You're about to initialize a Firebase project in this directory:

  /Users/aditya/Desktop/steganography_app

Before we get started, keep in mind:

  * You are initializing within an existing Firebase project directory

[info] 
=== Project Setup
[info] 
[info] First, let's associate this project directory with a Firebase project.
[info] You can create multiple project aliases by running firebase use --add, 
[info] but for now we'll just set up a default project.
[info] 
[debug] [2025-02-16T18:34:05.595Z] Using project from CLI flag: steganosafe
[debug] [2025-02-16T18:34:05.599Z] Checked if tokens are valid: true, expires at: 1739733289504
[debug] [2025-02-16T18:34:05.599Z] Checked if tokens are valid: true, expires at: 1739733289504
[debug] [2025-02-16T18:34:05.602Z] >>> [apiv2][query] GET https://firebase.googleapis.com/v1beta1/projects/steganosafe [none]
[debug] [2025-02-16T18:34:06.770Z] <<< [apiv2][status] GET https://firebase.googleapis.com/v1beta1/projects/steganosafe 200
[debug] [2025-02-16T18:34:06.771Z] <<< [apiv2][body] GET https://firebase.googleapis.com/v1beta1/projects/steganosafe {"projectId":"steganosafe","projectNumber":"34782480072","displayName":" SteganoSafe","name":"projects/steganosafe","resources":{"hostingSite":"steganosafe"},"state":"ACTIVE","etag":"1_b58c9318-6e2c-46d1-ba01-db9c15ae628a"}
[info] i  Using project steganosafe ( SteganoSafe) 
[info] 
=== Functions Setup
[debug] [2025-02-16T18:34:06.782Z] > command requires scopes: ["email","openid","https://www.googleapis.com/auth/cloudplatformprojects.readonly","https://www.googleapis.com/auth/firebase","https://www.googleapis.com/auth/cloud-platform"]
[debug] [2025-02-16T18:34:06.783Z] > authorizing via signed-in user (niscivous@gmail.com)
[debug] [2025-02-16T18:34:06.783Z] [iam] checking project steganosafe for permissions ["firebase.projects.get"]
[debug] [2025-02-16T18:34:06.783Z] Checked if tokens are valid: true, expires at: 1739733289504
[debug] [2025-02-16T18:34:06.783Z] Checked if tokens are valid: true, expires at: 1739733289504
[debug] [2025-02-16T18:34:06.783Z] >>> [apiv2][query] POST https://cloudresourcemanager.googleapis.com/v1/projects/steganosafe:testIamPermissions [none]
[debug] [2025-02-16T18:34:06.783Z] >>> [apiv2][(partial)header] POST https://cloudresourcemanager.googleapis.com/v1/projects/steganosafe:testIamPermissions x-goog-quota-user=projects/steganosafe
[debug] [2025-02-16T18:34:06.784Z] >>> [apiv2][body] POST https://cloudresourcemanager.googleapis.com/v1/projects/steganosafe:testIamPermissions {"permissions":["firebase.projects.get"]}
[debug] [2025-02-16T18:34:08.436Z] <<< [apiv2][status] POST https://cloudresourcemanager.googleapis.com/v1/projects/steganosafe:testIamPermissions 200
[debug] [2025-02-16T18:34:08.436Z] <<< [apiv2][body] POST https://cloudresourcemanager.googleapis.com/v1/projects/steganosafe:testIamPermissions {"permissions":["firebase.projects.get"]}
[debug] [2025-02-16T18:34:08.436Z] Checked if tokens are valid: true, expires at: 1739733289504
[debug] [2025-02-16T18:34:08.436Z] Checked if tokens are valid: true, expires at: 1739733289504
[debug] [2025-02-16T18:34:08.436Z] Checked if tokens are valid: true, expires at: 1739733289504
[debug] [2025-02-16T18:34:08.436Z] Checked if tokens are valid: true, expires at: 1739733289504
[debug] [2025-02-16T18:34:08.437Z] >>> [apiv2][query] GET https://serviceusage.googleapis.com/v1/projects/steganosafe/services/cloudfunctions.googleapis.com [none]
[debug] [2025-02-16T18:34:08.437Z] >>> [apiv2][(partial)header] GET https://serviceusage.googleapis.com/v1/projects/steganosafe/services/cloudfunctions.googleapis.com x-goog-quota-user=projects/steganosafe
[debug] [2025-02-16T18:34:08.438Z] >>> [apiv2][query] GET https://serviceusage.googleapis.com/v1/projects/steganosafe/services/runtimeconfig.googleapis.com [none]
[debug] [2025-02-16T18:34:08.438Z] >>> [apiv2][(partial)header] GET https://serviceusage.googleapis.com/v1/projects/steganosafe/services/runtimeconfig.googleapis.com x-goog-quota-user=projects/steganosafe
[debug] [2025-02-16T18:34:10.501Z] <<< [apiv2][status] GET https://serviceusage.googleapis.com/v1/projects/steganosafe/services/runtimeconfig.googleapis.com 200
[debug] [2025-02-16T18:34:10.501Z] <<< [apiv2][body] GET https://serviceusage.googleapis.com/v1/projects/steganosafe/services/runtimeconfig.googleapis.com [omitted]
[debug] [2025-02-16T18:34:10.515Z] <<< [apiv2][status] GET https://serviceusage.googleapis.com/v1/projects/steganosafe/services/cloudfunctions.googleapis.com 200
[debug] [2025-02-16T18:34:10.515Z] <<< [apiv2][body] GET https://serviceusage.googleapis.com/v1/projects/steganosafe/services/cloudfunctions.googleapis.com [omitted]
[info] Let's create a new codebase for your functions.
[info] A directory corresponding to the codebase will be created in your project
[info] with sample code pre-configured.

[info] See https://firebase.google.com/docs/functions/organize-functions for
[info] more information on organizing your functions using codebases.

[info] Functions can be deployed with firebase deploy.

[info] i  functions/requirements.txt is unchanged 
[info] i  functions/.gitignore is unchanged 
[info] i  functions/main.py is unchanged 
[debug] [2025-02-16T18:34:19.798Z] Running command with virtualenv: command=., args=["\"/Users/aditya/Desktop/steganography_app/functions/venv/bin/activate\"","&&","pip3","install","--upgrade","pip"]
[debug] [2025-02-16T18:34:21.814Z] Running command with virtualenv: command=., args=["\"/Users/aditya/Desktop/steganography_app/functions/venv/bin/activate\"","&&","python3.12","-m","pip","install","-r","requirements.txt"]
[info] 
=== Apphosting Setup
[debug] [2025-02-16T18:34:22.783Z] Checked if tokens are valid: true, expires at: 1739733289504
[debug] [2025-02-16T18:34:22.783Z] Checked if tokens are valid: true, expires at: 1739733289504
[debug] [2025-02-16T18:34:22.783Z] >>> [apiv2][query] GET https://cloudbilling.googleapis.com/v1/projects/steganosafe/billingInfo [none]
[debug] [2025-02-16T18:34:23.716Z] <<< [apiv2][status] GET https://cloudbilling.googleapis.com/v1/projects/steganosafe/billingInfo 200
[debug] [2025-02-16T18:34:23.717Z] <<< [apiv2][body] GET https://cloudbilling.googleapis.com/v1/projects/steganosafe/billingInfo {"name":"projects/steganosafe/billingInfo","projectId":"steganosafe","billingAccountName":"","billingEnabled":false}
[info] i  Writing default settings to apphosting.yaml... 
[info] i  apphosting.yaml is unchanged 
[info] ✔  Create a new App Hosting backend with `firebase apphosting:backends:create` 
[info] 
=== Hosting Setup
[debug] [2025-02-16T18:34:23.720Z] Checked if tokens are valid: true, expires at: 1739733289504
[debug] [2025-02-16T18:34:23.720Z] Checked if tokens are valid: true, expires at: 1739733289504
[debug] [2025-02-16T18:34:23.720Z] >>> [apiv2][query] GET https://firebase.googleapis.com/v1beta1/projects/steganosafe [none]
[debug] [2025-02-16T18:34:24.479Z] <<< [apiv2][status] GET https://firebase.googleapis.com/v1beta1/projects/steganosafe 200
[debug] [2025-02-16T18:34:24.479Z] <<< [apiv2][body] GET https://firebase.googleapis.com/v1beta1/projects/steganosafe {"projectId":"steganosafe","projectNumber":"34782480072","displayName":" SteganoSafe","name":"projects/steganosafe","resources":{"hostingSite":"steganosafe"},"state":"ACTIVE","etag":"1_b58c9318-6e2c-46d1-ba01-db9c15ae628a"}
[info] 
[info] Your public directory is the folder (relative to your project directory) that
[info] will contain Hosting assets to be uploaded with firebase deploy. If you
[info] have a build process for your assets, use your build's output directory.
[info] 
[info] ✔  Wrote templates/404.html 
[debug] [2025-02-16T18:36:23.692Z] >>> [apiv2][query] GET https://www.gstatic.com/firebasejs/releases.json [none]
[debug] [2025-02-16T18:36:24.557Z] <<< [apiv2][status] GET https://www.gstatic.com/firebasejs/releases.json 200
[debug] [2025-02-16T18:36:24.557Z] <<< [apiv2][body] GET https://www.gstatic.com/firebasejs/releases.json {"current":{"version":"11.3.1","browserURL":"https://www.gstatic.com/firebasejs/11.3.1/firebase.js","packageURL":"https://www.gstatic.com/firebasejs/11.3.1/firebase.tgz"},"live":{"version":"11.3","browserURL":"https://www.gstatic.com/firebasejs/live/11.3/firebase.js","packageURL":"https://www.gstatic.com/firebasejs/live/11.3/firebase.tgz"},"components":{"analytics":"https://www.gstatic.com/firebasejs/11.3.1/firebase-analytics.js","app":"https://www.gstatic.com/firebasejs/11.3.1/firebase-app.js","app-check":"https://www.gstatic.com/firebasejs/11.3.1/firebase-app-check.js","auth":"https://www.gstatic.com/firebasejs/11.3.1/firebase-auth.js","auth/cordova":"https://www.gstatic.com/firebasejs/11.3.1/firebase-auth/cordova.js","auth/web-extension":"https://www.gstatic.com/firebasejs/11.3.1/firebase-auth/web-extension.js","functions":"https://www.gstatic.com/firebasejs/11.3.1/firebase-functions.js","firestore":"https://www.gstatic.com/firebasejs/11.3.1/firebase-firestore.js","firestore/lite":"https://www.gstatic.com/firebasejs/11.3.1/firebase-firestore/lite.js","installations":"https://www.gstatic.com/firebasejs/11.3.1/firebase-installations.js","storage":"https://www.gstatic.com/firebasejs/11.3.1/firebase-storage.js","performance":"https://www.gstatic.com/firebasejs/11.3.1/firebase-performance.js","remote-config":"https://www.gstatic.com/firebasejs/11.3.1/firebase-remote-config.js","messaging":"https://www.gstatic.com/firebasejs/11.3.1/firebase-messaging.js","messaging/sw":"https://www.gstatic.com/firebasejs/11.3.1/firebase-messaging/sw.js","database":"https://www.gstatic.com/firebasejs/11.3.1/firebase-database.js","vertexai":"https://www.gstatic.com/firebasejs/11.3.1/firebase-vertexai.js","data-connect":"https://www.gstatic.com/firebasejs/11.3.1/firebase-data-connect.js","firestore.memory":"https://www.gstatic.com/firebasejs/11.3.1/firebase-firestore.memory.js"}}
[info] i  Skipping write of templates/index.html 
[info] 
[info] i  Didn't detect a .git folder. Assuming /Users/aditya/Desktop/steganography_app is the project root. 
[info] i  Authorizing with GitHub to upload your service account to a GitHub repository's secrets store. 
[info] 
[info] Visit this URL on this device to log in:
[info] https://github.com/login/oauth/authorize?client_id=89cf50f02ac6aaed3484&state=912091591&redirect_uri=http%3A%2F%2Flocalhost%3A9005&scope=read%3Auser%20repo%20public_repo
[info] 
[info] Waiting for authentication...
[debug] [2025-02-16T18:36:49.807Z] >>> [apiv2][query] POST https://github.com/login/oauth/access_token [none]
[debug] [2025-02-16T18:36:49.808Z] >>> [apiv2][body] POST https://github.com/login/oauth/access_token [stream]
[debug] [2025-02-16T18:36:50.521Z] <<< [apiv2][status] POST https://github.com/login/oauth/access_token 200
[debug] [2025-02-16T18:36:50.521Z] <<< [apiv2][body] POST https://github.com/login/oauth/access_token {"access_token":"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","token_type":"bearer","scope":"read:user,repo"}
[debug] [2025-02-16T18:36:50.532Z] >>> [apiv2][query] GET https://api.github.com/user [none]
[debug] [2025-02-16T18:36:51.134Z] <<< [apiv2][status] GET https://api.github.com/user 200
[debug] [2025-02-16T18:36:51.134Z] <<< [apiv2][body] GET https://api.github.com/user {"login":"Aditya-Nagariya","id":104499305,"node_id":"U_kgDOBjqIaQ","avatar_url":"https://avatars.githubusercontent.com/u/104499305?v=4","gravatar_id":"","url":"https://api.github.com/users/Aditya-Nagariya","html_url":"https://github.com/Aditya-Nagariya","followers_url":"https://api.github.com/users/Aditya-Nagariya/followers","following_url":"https://api.github.com/users/Aditya-Nagariya/following{/other_user}","gists_url":"https://api.github.com/users/Aditya-Nagariya/gists{/gist_id}","starred_url":"https://api.github.com/users/Aditya-Nagariya/starred{/owner}{/repo}","subscriptions_url":"https://api.github.com/users/Aditya-Nagariya/subscriptions","organizations_url":"https://api.github.com/users/Aditya-Nagariya/orgs","repos_url":"https://api.github.com/users/Aditya-Nagariya/repos","events_url":"https://api.github.com/users/Aditya-Nagariya/events{/privacy}","received_events_url":"https://api.github.com/users/Aditya-Nagariya/received_events","type":"User","user_view_type":"private","site_admin":false,"name":"Aditya Nagariya","company":null,"blog":"","location":null,"email":null,"hireable":null,"bio":"Expect Us","twitter_username":null,"notification_email":null,"public_repos":22,"public_gists":0,"followers":7,"following":33,"created_at":"2022-04-27T10:28:34Z","updated_at":"2025-02-16T18:36:45Z","private_gists":0,"total_private_repos":4,"owned_private_repos":4,"disk_usage":132434,"collaborators":0,"two_factor_authentication":true,"plan":{"name":"pro","space":976562499,"collaborators":0,"private_repos":9999}}
[info] 
[info] ✔  Success! Logged into GitHub as Aditya-Nagariya 
[info] 
[debug] [2025-02-16T18:39:09.344Z] >>> [apiv2][query] GET https://api.github.com/repos/Aditya-Nagariya/ SteganoSafe/actions/secrets/public-key type=owner
[debug] [2025-02-16T18:39:09.971Z] <<< [apiv2][status] GET https://api.github.com/repos/Aditya-Nagariya/ SteganoSafe/actions/secrets/public-key 404
[debug] [2025-02-16T18:39:09.972Z] <<< [apiv2][body] GET https://api.github.com/repos/Aditya-Nagariya/ SteganoSafe/actions/secrets/public-key {"message":"Not Found","documentation_url":"https://docs.github.com/rest/actions/secrets#get-a-repository-public-key","status":"404"}
[info] 
[info] 
[error] ⚠  The provided authorization cannot be used with this repository. If this repository is in an organization, did you remember to grant access? 
[info] 
[info] i  Action required: Visit this URL to ensure access has been granted to the appropriate organization(s) for the Firebase CLI GitHub OAuth App: 
[info] https://github.com/settings/connections/applications/89cf50f02ac6aaed3484
[info] 
[debug] [2025-02-16T18:39:13.556Z] >>> [apiv2][query] GET https://api.github.com/repos/Aditya-Nagariya/SteganoSafe/actions/secrets/public-key type=owner
[debug] [2025-02-16T18:39:13.874Z] <<< [apiv2][status] GET https://api.github.com/repos/Aditya-Nagariya/SteganoSafe/actions/secrets/public-key 404
[debug] [2025-02-16T18:39:13.875Z] <<< [apiv2][body] GET https://api.github.com/repos/Aditya-Nagariya/SteganoSafe/actions/secrets/public-key {"message":"Not Found","documentation_url":"https://docs.github.com/rest/actions/secrets#get-a-repository-public-key","status":"404"}
[info] 
[info] 
[error] ⚠  The provided authorization cannot be used with this repository. If this repository is in an organization, did you remember to grant access? 
[info] 
[info] i  Action required: Visit this URL to ensure access has been granted to the appropriate organization(s) for the Firebase CLI GitHub OAuth App: 
[info] https://github.com/settings/connections/applications/89cf50f02ac6aaed3484
[info] 
